app/build/intermediates/manifest_merge_blame_file/release/manifest-merger-blame-release-report.txt
1<?xml version="1.0" encoding="utf-8"?>
2<manifest xmlns:android="http://schemas.android.com/apk/res/android"
3    package="com.kitam.bgapp"
4    android:versionCode="18"
5    android:versionName="0.2.8" >
6
7    <uses-sdk
8        android:minSdkVersion="23"
8-->src/main/AndroidManifest.xml
9        android:targetSdkVersion="31" />
9-->src/main/AndroidManifest.xml
10
11    <uses-permission android:name="android.permission.INTERNET" />
11-->src/main/AndroidManifest.xml:5:5-67
11-->src/main/AndroidManifest.xml:5:22-64
12    <uses-permission android:name="android.permission.WRITE_EXTERNAL_STORAGE" />
12-->src/main/AndroidManifest.xml:6:5-81
12-->src/main/AndroidManifest.xml:6:22-78
13    <uses-permission android:name="android.permission.ACCESS_NETWORK_STATE" />
13-->[com.firebaseui:firebase-ui-auth:7.2.0] AndroidManifest.xml:12:5-79
13-->[com.firebaseui:firebase-ui-auth:7.2.0] AndroidManifest.xml:12:22-76
14
15    <uses-feature
15-->[com.google.android.gms:play-services-maps:18.0.2] AndroidManifest.xml:26:5-28:35
16        android:glEsVersion="0x00020000"
16-->[com.google.android.gms:play-services-maps:18.0.2] AndroidManifest.xml:27:9-41
17        android:required="true" />
17-->[com.google.android.gms:play-services-maps:18.0.2] AndroidManifest.xml:28:9-32
18
19    <queries>
19-->[com.google.android.gms:play-services-maps:18.0.2] AndroidManifest.xml:30:5-34:15
20
21        <!-- Needs to be explicitly declared on Android R+ -->
22        <package android:name="com.google.android.apps.maps" />
22-->[com.google.android.gms:play-services-maps:18.0.2] AndroidManifest.xml:33:9-64
22-->[com.google.android.gms:play-services-maps:18.0.2] AndroidManifest.xml:33:18-61
23        <!-- For browser content -->
24        <intent>
24-->[com.google.android.gms:play-services-ads-lite:20.6.0] AndroidManifest.xml:31:9-37:18
25            <action android:name="android.intent.action.VIEW" />
25-->src/main/AndroidManifest.xml:51:17-69
25-->src/main/AndroidManifest.xml:51:25-66
26
27            <category android:name="android.intent.category.BROWSABLE" />
27-->src/main/AndroidManifest.xml:54:17-78
27-->src/main/AndroidManifest.xml:54:27-75
28
29            <data android:scheme="https" />
29-->src/main/AndroidManifest.xml:56:17-75
29-->src/main/AndroidManifest.xml:56:23-72
30        </intent> <!-- End of browser content -->
31        <!-- For CustomTabsService -->
32        <intent>
32-->[com.google.android.gms:play-services-ads-lite:20.6.0] AndroidManifest.xml:40:9-42:18
33            <action android:name="android.support.customtabs.action.CustomTabsService" />
33-->[com.google.android.gms:play-services-ads-lite:20.6.0] AndroidManifest.xml:41:13-90
33-->[com.google.android.gms:play-services-ads-lite:20.6.0] AndroidManifest.xml:41:21-87
34        </intent>
35    </queries>
36
37    <uses-permission android:name="android.permission.WAKE_LOCK" /> <!-- Required by older versions of Google Play services to create IID tokens -->
37-->[com.google.firebase:firebase-messaging:23.0.0] AndroidManifest.xml:23:5-68
37-->[com.google.firebase:firebase-messaging:23.0.0] AndroidManifest.xml:23:22-65
38    <uses-permission android:name="com.google.android.c2dm.permission.RECEIVE" />
38-->[com.google.firebase:firebase-messaging:23.0.0] AndroidManifest.xml:25:5-82
38-->[com.google.firebase:firebase-messaging:23.0.0] AndroidManifest.xml:25:22-79
39    <uses-permission android:name="com.google.android.gms.permission.AD_ID" />
39-->[com.google.android.gms:play-services-ads-lite:20.6.0] AndroidManifest.xml:25:5-79
39-->[com.google.android.gms:play-services-ads-lite:20.6.0] AndroidManifest.xml:25:22-76
40    <uses-permission android:name="com.google.android.finsky.permission.BIND_GET_INSTALL_REFERRER_SERVICE" />
40-->[com.google.android.gms:play-services-measurement:20.1.0] AndroidManifest.xml:26:5-110
40-->[com.google.android.gms:play-services-measurement:20.1.0] AndroidManifest.xml:26:22-107
41    <uses-permission android:name="android.permission.RECEIVE_BOOT_COMPLETED" />
41-->[androidx.work:work-runtime:2.7.0] AndroidManifest.xml:27:5-81
41-->[androidx.work:work-runtime:2.7.0] AndroidManifest.xml:27:22-78
42    <uses-permission android:name="android.permission.FOREGROUND_SERVICE" />
42-->[androidx.work:work-runtime:2.7.0] AndroidManifest.xml:28:5-77
42-->[androidx.work:work-runtime:2.7.0] AndroidManifest.xml:28:22-74
43
44    <application
44-->src/main/AndroidManifest.xml:8:5-75:19
45        android:name="com.kitam.bgapp.BGToolBeltApp"
45-->src/main/AndroidManifest.xml:9:9-38
46        android:allowBackup="true"
46-->src/main/AndroidManifest.xml:10:9-35
47        android:appComponentFactory="androidx.core.app.CoreComponentFactory"
47-->[androidx.core:core:1.7.0] AndroidManifest.xml:24:18-86
48        android:extractNativeLibs="false"
49        android:icon="@mipmap/ic_launcher"
49-->src/main/AndroidManifest.xml:11:9-43
50        android:label="@string/app_name"
50-->src/main/AndroidManifest.xml:12:9-41
51        android:roundIcon="@mipmap/ic_launcher_round"
51-->src/main/AndroidManifest.xml:13:9-54
52        android:supportsRtl="true"
52-->src/main/AndroidManifest.xml:14:9-35
53        android:theme="@style/Theme.BGToolBelt" >
53-->src/main/AndroidManifest.xml:15:9-48
54        <activity
54-->src/main/AndroidManifest.xml:16:9-21:66
55            android:name="com.kitam.bgapp.tools.ZoomImageActivity"
55-->src/main/AndroidManifest.xml:17:13-52
56            android:configChanges="orientation|keyboardHidden|screenSize"
56-->src/main/AndroidManifest.xml:18:13-74
57            android:exported="false"
57-->src/main/AndroidManifest.xml:19:13-37
58            android:label="@string/title_activity_zoom_image"
58-->src/main/AndroidManifest.xml:20:13-62
59            android:theme="@style/Theme.BGToolBelt.Fullscreen" />
59-->src/main/AndroidManifest.xml:21:13-63
60
61        <meta-data
61-->src/main/AndroidManifest.xml:23:9-25:63
62            android:name="com.facebook.sdk.ApplicationId"
62-->src/main/AndroidManifest.xml:24:13-58
63            android:value="@string/facebook_application_id" />
63-->src/main/AndroidManifest.xml:25:13-60
64        <meta-data
64-->src/main/AndroidManifest.xml:26:9-28:63
65            android:name="com.facebook.sdk.ClientToken"
65-->src/main/AndroidManifest.xml:27:13-56
66            android:value="@string/facebook_application_id" /> <!-- Sample AdMob app ID: ca-app-pub-3940256099942544~3347511713 -->
66-->src/main/AndroidManifest.xml:28:13-60
67        <!-- Production AdMob app ID: ca-app-pub-6862253449696844~9368025844 -->
68        <meta-data
68-->src/main/AndroidManifest.xml:29:9-31:70
69            android:name="com.google.android.gms.ads.APPLICATION_ID"
69-->src/main/AndroidManifest.xml:30:13-69
70            android:value="ca-app-pub-6862253449696844~9368025844" />
70-->src/main/AndroidManifest.xml:31:13-67
71        <meta-data
71-->src/main/AndroidManifest.xml:32:9-34:69
72            android:name="com.google.android.gms.version"
72-->src/main/AndroidManifest.xml:33:13-58
73            android:value="@integer/google_play_services_version" />
73-->src/main/AndroidManifest.xml:34:13-66
74        <meta-data
74-->src/main/AndroidManifest.xml:35:9-37:52
75            android:name="com.google.android.geo.API_KEY"
75-->src/main/AndroidManifest.xml:36:13-58
76            android:value="@string/maps_api_key" />
76-->src/main/AndroidManifest.xml:37:13-49
77        <meta-data
77-->src/main/AndroidManifest.xml:38:9-40:58
78            android:name="com.google.firebase.messaging.default_notification_icon"
78-->src/main/AndroidManifest.xml:39:13-83
79            android:resource="@drawable/dice_detailed" />
79-->src/main/AndroidManifest.xml:40:13-55
80
81        <activity
81-->src/main/AndroidManifest.xml:42:9-46:48
82            android:name="com.facebook.FacebookActivity"
82-->src/main/AndroidManifest.xml:43:13-57
83            android:configChanges="keyboard|keyboardHidden|screenLayout|screenSize|orientation"
83-->src/main/AndroidManifest.xml:44:13-96
84            android:exported="true"
84-->src/main/AndroidManifest.xml:45:13-36
85            android:label="@string/app_name"
85-->src/main/AndroidManifest.xml:46:13-45
86            android:theme="@style/com_facebook_activity_theme" />
86-->[com.facebook.android:facebook-common:13.2.0] AndroidManifest.xml:33:13-63
87        <activity
87-->src/main/AndroidManifest.xml:47:9-58:20
88            android:name="com.facebook.CustomTabActivity"
88-->src/main/AndroidManifest.xml:48:13-58
89            android:exported="true" >
89-->src/main/AndroidManifest.xml:49:13-36
90            <intent-filter>
90-->src/main/AndroidManifest.xml:50:13-57:29
91                <action android:name="android.intent.action.VIEW" />
91-->src/main/AndroidManifest.xml:51:17-69
91-->src/main/AndroidManifest.xml:51:25-66
92
93                <category android:name="android.intent.category.DEFAULT" />
93-->src/main/AndroidManifest.xml:53:17-76
93-->src/main/AndroidManifest.xml:53:27-73
94                <category android:name="android.intent.category.BROWSABLE" />
94-->src/main/AndroidManifest.xml:54:17-78
94-->src/main/AndroidManifest.xml:54:27-75
95
96                <data android:scheme="@string/fb_login_protocol_scheme" />
96-->src/main/AndroidManifest.xml:56:17-75
96-->src/main/AndroidManifest.xml:56:23-72
97            </intent-filter>
98            <intent-filter>
98-->[com.firebaseui:firebase-ui-auth:7.2.0] AndroidManifest.xml:92:13-99:29
99                <action android:name="android.intent.action.VIEW" />
99-->src/main/AndroidManifest.xml:51:17-69
99-->src/main/AndroidManifest.xml:51:25-66
100
101                <category android:name="android.intent.category.DEFAULT" />
101-->src/main/AndroidManifest.xml:53:17-76
101-->src/main/AndroidManifest.xml:53:27-73
102                <category android:name="android.intent.category.BROWSABLE" />
102-->src/main/AndroidManifest.xml:54:17-78
102-->src/main/AndroidManifest.xml:54:27-75
103
104                <data android:scheme="@string/facebook_login_protocol_scheme" />
104-->src/main/AndroidManifest.xml:56:17-75
104-->src/main/AndroidManifest.xml:56:23-72
105            </intent-filter>
106            <intent-filter>
106-->[com.facebook.android:facebook-common:13.2.0] AndroidManifest.xml:39:13-48:29
107                <action android:name="android.intent.action.VIEW" />
107-->src/main/AndroidManifest.xml:51:17-69
107-->src/main/AndroidManifest.xml:51:25-66
108
109                <category android:name="android.intent.category.DEFAULT" />
109-->src/main/AndroidManifest.xml:53:17-76
109-->src/main/AndroidManifest.xml:53:27-73
110                <category android:name="android.intent.category.BROWSABLE" />
110-->src/main/AndroidManifest.xml:54:17-78
110-->src/main/AndroidManifest.xml:54:27-75
111
112                <data
112-->src/main/AndroidManifest.xml:56:17-75
113                    android:host="cct.com.kitam.bgapp"
114                    android:scheme="fbconnect" />
114-->src/main/AndroidManifest.xml:56:23-72
115            </intent-filter>
116        </activity>
117        <activity
117-->src/main/AndroidManifest.xml:59:9-61:57
118            android:name="com.kitam.bgapp.ui.login.LoginActivity"
118-->src/main/AndroidManifest.xml:60:13-51
119            android:label="@string/app_name" />
119-->src/main/AndroidManifest.xml:61:13-45
120        <activity
120-->src/main/AndroidManifest.xml:62:9-71:20
121            android:name="com.kitam.bgapp.SplashActivity"
121-->src/main/AndroidManifest.xml:63:13-43
122            android:exported="true"
122-->src/main/AndroidManifest.xml:64:13-36
123            android:theme="@style/SplashTheme" >
123-->src/main/AndroidManifest.xml:65:13-47
124            <intent-filter>
124-->src/main/AndroidManifest.xml:66:13-70:29
125                <action android:name="android.intent.action.MAIN" />
125-->src/main/AndroidManifest.xml:67:17-69
125-->src/main/AndroidManifest.xml:67:25-66
126
127                <category android:name="android.intent.category.LAUNCHER" />
127-->src/main/AndroidManifest.xml:69:17-77
127-->src/main/AndroidManifest.xml:69:27-74
128            </intent-filter>
129        </activity>
130        <activity
130-->src/main/AndroidManifest.xml:72:9-74:57
131            android:name="com.kitam.bgapp.MainActivity"
131-->src/main/AndroidManifest.xml:73:13-41
132            android:label="@string/app_name" />
132-->src/main/AndroidManifest.xml:74:13-45
133        <activity
133-->[com.firebaseui:firebase-ui-auth:7.2.0] AndroidManifest.xml:23:9-27:61
134            android:name="com.firebase.ui.auth.KickoffActivity"
134-->[com.firebaseui:firebase-ui-auth:7.2.0] AndroidManifest.xml:24:13-64
135            android:exported="false"
135-->[com.firebaseui:firebase-ui-auth:7.2.0] AndroidManifest.xml:25:13-37
136            android:label=""
136-->[com.firebaseui:firebase-ui-auth:7.2.0] AndroidManifest.xml:26:13-29
137            android:theme="@style/FirebaseUI.Transparent" />
137-->[com.firebaseui:firebase-ui-auth:7.2.0] AndroidManifest.xml:27:13-58
138        <activity
138-->[com.firebaseui:firebase-ui-auth:7.2.0] AndroidManifest.xml:28:9-32:61
139            android:name="com.firebase.ui.auth.ui.idp.SingleSignInActivity"
139-->[com.firebaseui:firebase-ui-auth:7.2.0] AndroidManifest.xml:29:13-76
140            android:exported="false"
140-->[com.firebaseui:firebase-ui-auth:7.2.0] AndroidManifest.xml:30:13-37
141            android:label=""
141-->[com.firebaseui:firebase-ui-auth:7.2.0] AndroidManifest.xml:31:13-29
142            android:theme="@style/FirebaseUI.Transparent" />
142-->[com.firebaseui:firebase-ui-auth:7.2.0] AndroidManifest.xml:32:13-58
143        <activity
143-->[com.firebaseui:firebase-ui-auth:7.2.0] AndroidManifest.xml:33:9-37:61
144            android:name="com.firebase.ui.auth.ui.credentials.CredentialSaveActivity"
144-->[com.firebaseui:firebase-ui-auth:7.2.0] AndroidManifest.xml:34:13-86
145            android:exported="false"
145-->[com.firebaseui:firebase-ui-auth:7.2.0] AndroidManifest.xml:35:13-37
146            android:label=""
146-->[com.firebaseui:firebase-ui-auth:7.2.0] AndroidManifest.xml:36:13-29
147            android:theme="@style/FirebaseUI.Transparent" />
147-->[com.firebaseui:firebase-ui-auth:7.2.0] AndroidManifest.xml:37:13-58
148        <activity
148-->[com.firebaseui:firebase-ui-auth:7.2.0] AndroidManifest.xml:38:9-42:58
149            android:name="com.firebase.ui.auth.ui.email.RecoverPasswordActivity"
149-->[com.firebaseui:firebase-ui-auth:7.2.0] AndroidManifest.xml:39:13-81
150            android:exported="false"
150-->[com.firebaseui:firebase-ui-auth:7.2.0] AndroidManifest.xml:40:13-37
151            android:label="@string/fui_title_recover_password_activity"
151-->[com.firebaseui:firebase-ui-auth:7.2.0] AndroidManifest.xml:41:13-72
152            android:windowSoftInputMode="adjustResize" />
152-->[com.firebaseui:firebase-ui-auth:7.2.0] AndroidManifest.xml:42:13-55
153        <activity
153-->[com.firebaseui:firebase-ui-auth:7.2.0] AndroidManifest.xml:43:9-47:58
154            android:name="com.firebase.ui.auth.ui.email.EmailActivity"
154-->[com.firebaseui:firebase-ui-auth:7.2.0] AndroidManifest.xml:44:13-71
155            android:exported="false"
155-->[com.firebaseui:firebase-ui-auth:7.2.0] AndroidManifest.xml:45:13-37
156            android:label="@string/fui_sign_in_default"
156-->[com.firebaseui:firebase-ui-auth:7.2.0] AndroidManifest.xml:46:13-56
157            android:windowSoftInputMode="adjustResize" />
157-->[com.firebaseui:firebase-ui-auth:7.2.0] AndroidManifest.xml:47:13-55
158        <activity
158-->[com.firebaseui:firebase-ui-auth:7.2.0] AndroidManifest.xml:48:9-52:77
159            android:name="com.firebase.ui.auth.ui.phone.PhoneActivity"
159-->[com.firebaseui:firebase-ui-auth:7.2.0] AndroidManifest.xml:49:13-71
160            android:exported="false"
160-->[com.firebaseui:firebase-ui-auth:7.2.0] AndroidManifest.xml:50:13-37
161            android:label="@string/fui_sign_in_with_phone_number"
161-->[com.firebaseui:firebase-ui-auth:7.2.0] AndroidManifest.xml:51:13-66
162            android:windowSoftInputMode="adjustResize|stateAlwaysVisible" />
162-->[com.firebaseui:firebase-ui-auth:7.2.0] AndroidManifest.xml:52:13-74
163        <activity
163-->[com.firebaseui:firebase-ui-auth:7.2.0] AndroidManifest.xml:53:9-57:58
164            android:name="com.firebase.ui.auth.ui.idp.WelcomeBackIdpPrompt"
164-->[com.firebaseui:firebase-ui-auth:7.2.0] AndroidManifest.xml:54:13-76
165            android:exported="false"
165-->[com.firebaseui:firebase-ui-auth:7.2.0] AndroidManifest.xml:55:13-37
166            android:label="@string/fui_title_welcome_back_idp_prompt"
166-->[com.firebaseui:firebase-ui-auth:7.2.0] AndroidManifest.xml:56:13-70
167            android:windowSoftInputMode="adjustResize" />
167-->[com.firebaseui:firebase-ui-auth:7.2.0] AndroidManifest.xml:57:13-55
168        <activity
168-->[com.firebaseui:firebase-ui-auth:7.2.0] AndroidManifest.xml:58:9-62:58
169            android:name="com.firebase.ui.auth.ui.email.WelcomeBackPasswordPrompt"
169-->[com.firebaseui:firebase-ui-auth:7.2.0] AndroidManifest.xml:59:13-83
170            android:exported="false"
170-->[com.firebaseui:firebase-ui-auth:7.2.0] AndroidManifest.xml:60:13-37
171            android:label="@string/fui_title_welcome_back_password_prompt"
171-->[com.firebaseui:firebase-ui-auth:7.2.0] AndroidManifest.xml:61:13-75
172            android:windowSoftInputMode="adjustResize" />
172-->[com.firebaseui:firebase-ui-auth:7.2.0] AndroidManifest.xml:62:13-55
173        <activity
173-->[com.firebaseui:firebase-ui-auth:7.2.0] AndroidManifest.xml:63:9-67:58
174            android:name="com.firebase.ui.auth.ui.email.WelcomeBackEmailLinkPrompt"
174-->[com.firebaseui:firebase-ui-auth:7.2.0] AndroidManifest.xml:64:13-84
175            android:exported="false"
175-->[com.firebaseui:firebase-ui-auth:7.2.0] AndroidManifest.xml:65:13-37
176            android:label="@string/fui_title_welcome_back_password_prompt"
176-->[com.firebaseui:firebase-ui-auth:7.2.0] AndroidManifest.xml:66:13-75
177            android:windowSoftInputMode="adjustResize" />
177-->[com.firebaseui:firebase-ui-auth:7.2.0] AndroidManifest.xml:67:13-55
178        <activity
178-->[com.firebaseui:firebase-ui-auth:7.2.0] AndroidManifest.xml:68:9-73:58
179            android:name="com.firebase.ui.auth.ui.email.EmailLinkCatcherActivity"
179-->[com.firebaseui:firebase-ui-auth:7.2.0] AndroidManifest.xml:69:13-82
180            android:exported="false"
180-->[com.firebaseui:firebase-ui-auth:7.2.0] AndroidManifest.xml:70:13-37
181            android:label=""
181-->[com.firebaseui:firebase-ui-auth:7.2.0] AndroidManifest.xml:71:13-29
182            android:theme="@style/FirebaseUI.Transparent"
182-->[com.firebaseui:firebase-ui-auth:7.2.0] AndroidManifest.xml:72:13-58
183            android:windowSoftInputMode="adjustResize" />
183-->[com.firebaseui:firebase-ui-auth:7.2.0] AndroidManifest.xml:73:13-55
184        <activity
184-->[com.firebaseui:firebase-ui-auth:7.2.0] AndroidManifest.xml:74:9-78:58
185            android:name="com.firebase.ui.auth.ui.email.EmailLinkErrorRecoveryActivity"
185-->[com.firebaseui:firebase-ui-auth:7.2.0] AndroidManifest.xml:75:13-88
186            android:exported="false"
186-->[com.firebaseui:firebase-ui-auth:7.2.0] AndroidManifest.xml:76:13-37
187            android:label="@string/fui_sign_in_default"
187-->[com.firebaseui:firebase-ui-auth:7.2.0] AndroidManifest.xml:77:13-56
188            android:windowSoftInputMode="adjustResize" />
188-->[com.firebaseui:firebase-ui-auth:7.2.0] AndroidManifest.xml:78:13-55
189        <activity
189-->[com.firebaseui:firebase-ui-auth:7.2.0] AndroidManifest.xml:79:9-82:65
190            android:name="com.firebase.ui.auth.ui.idp.AuthMethodPickerActivity"
190-->[com.firebaseui:firebase-ui-auth:7.2.0] AndroidManifest.xml:80:13-80
191            android:exported="false"
191-->[com.firebaseui:firebase-ui-auth:7.2.0] AndroidManifest.xml:81:13-37
192            android:label="@string/fui_default_toolbar_title" />
192-->[com.firebaseui:firebase-ui-auth:7.2.0] AndroidManifest.xml:82:13-62
193
194        <provider
194-->[com.firebaseui:firebase-ui-auth:7.2.0] AndroidManifest.xml:102:9-106:38
195            android:name="com.firebase.ui.auth.data.client.AuthUiInitProvider"
195-->[com.firebaseui:firebase-ui-auth:7.2.0] AndroidManifest.xml:103:13-79
196            android:authorities="com.kitam.bgapp.authuiinitprovider"
196-->[com.firebaseui:firebase-ui-auth:7.2.0] AndroidManifest.xml:104:13-70
197            android:exported="false"
197-->[com.firebaseui:firebase-ui-auth:7.2.0] AndroidManifest.xml:105:13-37
198            android:initOrder="90" />
198-->[com.firebaseui:firebase-ui-auth:7.2.0] AndroidManifest.xml:106:13-35
199
200        <activity android:name="com.facebook.CustomTabMainActivity" /> <!-- Needs to be explicitly declared on P+ -->
200-->[com.facebook.android:facebook-common:13.2.0] AndroidManifest.xml:34:9-71
200-->[com.facebook.android:facebook-common:13.2.0] AndroidManifest.xml:34:19-68
201        <uses-library
201-->[com.google.android.gms:play-services-maps:18.0.2] AndroidManifest.xml:39:9-41:40
202            android:name="org.apache.http.legacy"
202-->[com.google.android.gms:play-services-maps:18.0.2] AndroidManifest.xml:40:13-50
203            android:required="false" />
203-->[com.google.android.gms:play-services-maps:18.0.2] AndroidManifest.xml:41:13-37
204
205        <activity
205-->[com.google.firebase:firebase-auth:21.0.1] AndroidManifest.xml:27:9-44:20
206            android:name="com.google.firebase.auth.internal.GenericIdpActivity"
206-->[com.google.firebase:firebase-auth:21.0.1] AndroidManifest.xml:28:13-80
207            android:excludeFromRecents="true"
207-->[com.google.firebase:firebase-auth:21.0.1] AndroidManifest.xml:29:13-46
208            android:exported="true"
208-->[com.google.firebase:firebase-auth:21.0.1] AndroidManifest.xml:30:13-36
209            android:launchMode="singleTask"
209-->[com.google.firebase:firebase-auth:21.0.1] AndroidManifest.xml:31:13-44
210            android:theme="@android:style/Theme.Translucent.NoTitleBar" >
210-->[com.google.firebase:firebase-auth:21.0.1] AndroidManifest.xml:32:13-72
211            <intent-filter>
211-->[com.google.firebase:firebase-auth:21.0.1] AndroidManifest.xml:33:13-43:29
212                <action android:name="android.intent.action.VIEW" />
212-->src/main/AndroidManifest.xml:51:17-69
212-->src/main/AndroidManifest.xml:51:25-66
213
214                <category android:name="android.intent.category.DEFAULT" />
214-->src/main/AndroidManifest.xml:53:17-76
214-->src/main/AndroidManifest.xml:53:27-73
215                <category android:name="android.intent.category.BROWSABLE" />
215-->src/main/AndroidManifest.xml:54:17-78
215-->src/main/AndroidManifest.xml:54:27-75
216
217                <data
217-->src/main/AndroidManifest.xml:56:17-75
218                    android:host="firebase.auth"
219                    android:path="/"
220                    android:scheme="genericidp" />
220-->src/main/AndroidManifest.xml:56:23-72
221            </intent-filter>
222        </activity>
223        <activity
223-->[com.google.firebase:firebase-auth:21.0.1] AndroidManifest.xml:45:9-62:20
224            android:name="com.google.firebase.auth.internal.RecaptchaActivity"
224-->[com.google.firebase:firebase-auth:21.0.1] AndroidManifest.xml:46:13-79
225            android:excludeFromRecents="true"
225-->[com.google.firebase:firebase-auth:21.0.1] AndroidManifest.xml:47:13-46
226            android:exported="true"
226-->[com.google.firebase:firebase-auth:21.0.1] AndroidManifest.xml:48:13-36
227            android:launchMode="singleTask"
227-->[com.google.firebase:firebase-auth:21.0.1] AndroidManifest.xml:49:13-44
228            android:theme="@android:style/Theme.Translucent.NoTitleBar" >
228-->[com.google.firebase:firebase-auth:21.0.1] AndroidManifest.xml:50:13-72
229            <intent-filter>
229-->[com.google.firebase:firebase-auth:21.0.1] AndroidManifest.xml:51:13-61:29
230                <action android:name="android.intent.action.VIEW" />
230-->src/main/AndroidManifest.xml:51:17-69
230-->src/main/AndroidManifest.xml:51:25-66
231
232                <category android:name="android.intent.category.DEFAULT" />
232-->src/main/AndroidManifest.xml:53:17-76
232-->src/main/AndroidManifest.xml:53:27-73
233                <category android:name="android.intent.category.BROWSABLE" />
233-->src/main/AndroidManifest.xml:54:17-78
233-->src/main/AndroidManifest.xml:54:27-75
234
235                <data
235-->src/main/AndroidManifest.xml:56:17-75
236                    android:host="firebase.auth"
237                    android:path="/"
238                    android:scheme="recaptcha" />
238-->src/main/AndroidManifest.xml:56:23-72
239            </intent-filter>
240        </activity>
241
242        <service
242-->[com.google.firebase:firebase-auth:21.0.1] AndroidManifest.xml:64:9-73:19
243            android:name="com.google.firebase.auth.api.fallback.service.FirebaseAuthFallbackService"
243-->[com.google.firebase:firebase-auth:21.0.1] AndroidManifest.xml:65:13-101
244            android:enabled="true"
244-->[com.google.firebase:firebase-auth:21.0.1] AndroidManifest.xml:66:13-35
245            android:exported="false" >
245-->[com.google.firebase:firebase-auth:21.0.1] AndroidManifest.xml:67:13-37
246            <intent-filter>
246-->[com.google.firebase:firebase-auth:21.0.1] AndroidManifest.xml:68:13-72:29
247                <action android:name="com.google.firebase.auth.api.gms.service.START" />
247-->[com.google.firebase:firebase-auth:21.0.1] AndroidManifest.xml:69:17-89
247-->[com.google.firebase:firebase-auth:21.0.1] AndroidManifest.xml:69:25-86
248
249                <category android:name="android.intent.category.DEFAULT" />
249-->src/main/AndroidManifest.xml:53:17-76
249-->src/main/AndroidManifest.xml:53:27-73
250            </intent-filter>
251        </service>
252        <service
252-->[com.google.firebase:firebase-auth:21.0.1] AndroidManifest.xml:74:9-80:19
253            android:name="com.google.firebase.components.ComponentDiscoveryService"
253-->[com.google.firebase:firebase-auth:21.0.1] AndroidManifest.xml:75:13-84
254            android:directBootAware="true"
254-->[com.google.firebase:firebase-common:20.0.0] AndroidManifest.xml:35:13-43
255            android:exported="false" >
255-->[com.google.firebase:firebase-auth:21.0.1] AndroidManifest.xml:76:13-37
256            <meta-data
256-->[com.google.firebase:firebase-auth:21.0.1] AndroidManifest.xml:77:13-79:85
257                android:name="com.google.firebase.components:com.google.firebase.auth.FirebaseAuthRegistrar"
257-->[com.google.firebase:firebase-auth:21.0.1] AndroidManifest.xml:78:17-109
258                android:value="com.google.firebase.components.ComponentRegistrar" />
258-->[com.google.firebase:firebase-auth:21.0.1] AndroidManifest.xml:79:17-82
259            <meta-data
259-->[com.google.firebase:firebase-messaging:23.0.0] AndroidManifest.xml:52:13-54:85
260                android:name="com.google.firebase.components:com.google.firebase.messaging.FirebaseMessagingRegistrar"
260-->[com.google.firebase:firebase-messaging:23.0.0] AndroidManifest.xml:53:17-119
261                android:value="com.google.firebase.components.ComponentRegistrar" />
261-->[com.google.firebase:firebase-messaging:23.0.0] AndroidManifest.xml:54:17-82
262            <meta-data
262-->[com.google.firebase:firebase-analytics-ktx:20.1.0] AndroidManifest.xml:11:13-13:85
263                android:name="com.google.firebase.components:com.google.firebase.analytics.ktx.FirebaseAnalyticsKtxRegistrar"
263-->[com.google.firebase:firebase-analytics-ktx:20.1.0] AndroidManifest.xml:12:17-126
264                android:value="com.google.firebase.components.ComponentRegistrar" />
264-->[com.google.firebase:firebase-analytics-ktx:20.1.0] AndroidManifest.xml:13:17-82
265            <meta-data
265-->[com.google.firebase:firebase-crashlytics:18.2.8] AndroidManifest.xml:18:13-20:85
266                android:name="com.google.firebase.components:com.google.firebase.crashlytics.CrashlyticsRegistrar"
266-->[com.google.firebase:firebase-crashlytics:18.2.8] AndroidManifest.xml:19:17-115
267                android:value="com.google.firebase.components.ComponentRegistrar" />
267-->[com.google.firebase:firebase-crashlytics:18.2.8] AndroidManifest.xml:20:17-82
268            <meta-data
268-->[com.google.firebase:firebase-datatransport:18.0.0] AndroidManifest.xml:28:13-30:85
269                android:name="com.google.firebase.components:com.google.firebase.datatransport.TransportRegistrar"
269-->[com.google.firebase:firebase-datatransport:18.0.0] AndroidManifest.xml:29:17-115
270                android:value="com.google.firebase.components.ComponentRegistrar" />
270-->[com.google.firebase:firebase-datatransport:18.0.0] AndroidManifest.xml:30:17-82
271            <meta-data
271-->[com.google.android.gms:play-services-measurement-api:20.1.0] AndroidManifest.xml:30:13-32:85
272                android:name="com.google.firebase.components:com.google.firebase.analytics.connector.internal.AnalyticsConnectorRegistrar"
272-->[com.google.android.gms:play-services-measurement-api:20.1.0] AndroidManifest.xml:31:17-139
273                android:value="com.google.firebase.components.ComponentRegistrar" />
273-->[com.google.android.gms:play-services-measurement-api:20.1.0] AndroidManifest.xml:32:17-82
274            <meta-data
274-->[com.google.firebase:firebase-installations:17.0.0] AndroidManifest.xml:18:13-20:85
275                android:name="com.google.firebase.components:com.google.firebase.installations.FirebaseInstallationsRegistrar"
275-->[com.google.firebase:firebase-installations:17.0.0] AndroidManifest.xml:19:17-127
276                android:value="com.google.firebase.components.ComponentRegistrar" />
276-->[com.google.firebase:firebase-installations:17.0.0] AndroidManifest.xml:20:17-82
277            <meta-data